Removed Pin From Net: NetName=AC220V-L Pin=K1-3
Removed Pin From Net: NetName=NetK1_3 Pin=K1-4
Removed Pin From Net: NetName=DGND Pin=key1-1
Removed Pin From Net: NetName=MCUGND Pin=Y2-GND
Removed Pin From Net: NetName=MCUGND Pin=Y2-GND
Change component parameters: Designator = "C1"; Footprint = "LC-0603_C"; UniqueID = "\PLESHPSK"
Change component parameters. Clean all parameters for all variants
Change component parameters (AddParameter): Name = "Value"; Value = "100nF (104) ±10% 50V"; VariantName = "[No Variations]"
Change component parameters: Designator = "C2"; Footprint = "LC-0603_C"; UniqueID = "\FVURDANJ"
Change component parameters. Clean all parameters for all variants
Change component parameters (AddParameter): Name = "Value"; Value = "100nF (104) ±10% 50V"; VariantName = "[No Variations]"
Change component parameters: Designator = "C3"; Footprint = "LC-0603_C"; UniqueID = "\GUDABNSF"
Change component parameters. Clean all parameters for all variants
Change component parameters (AddParameter): Name = "Value"; Value = "100nF (104) ±10% 50V"; VariantName = "[No Variations]"
Change component parameters: Designator = "C5"; Footprint = "LC-1210_C"; UniqueID = "\BFHAQMGY"
Change component parameters. Clean all parameters for all variants
Change component parameters (AddParameter): Name = "Value"; Value = "100nF (104) ±10% 50V"; VariantName = "[No Variations]"
Change component parameters: Designator = "C6"; Footprint = "LC-0603_C"; UniqueID = "\VPLLRVRK"
Change component parameters. Clean all parameters for all variants
Change component parameters (AddParameter): Name = "Value"; Value = "100nF (104) ±10% 50V"; VariantName = "[No Variations]"
Change component parameters: Designator = "C7"; Footprint = "LC-0805_C"; UniqueID = "\CFOCVCYC"
Change component parameters. Clean all parameters for all variants
Change component parameters (AddParameter): Name = "Value"; Value = "100nF (104) ±10% 50V"; VariantName = "[No Variations]"
Change component parameters: Designator = "C8"; Footprint = "LC-0805_C"; UniqueID = "\QLACIGVE"
Change component parameters. Clean all parameters for all variants
Change component parameters (AddParameter): Name = "Value"; Value = "100nF (104) ±10% 50V"; VariantName = "[No Variations]"
Change component parameters: Designator = "C10"; Footprint = "LC-0805_C"; UniqueID = "\TTHUKNJG"
Change component parameters. Clean all parameters for all variants
Change component parameters (AddParameter): Name = "Value"; Value = "100nF (104) ±10% 50V"; VariantName = "[No Variations]"
Change component parameters: Designator = "P1"; Footprint = "3.81-2P"; UniqueID = "\BBSNOAOC"
Change component parameters. Clean all parameters for all variants
Change component parameters (AddParameter): Name = "LatestRevisionDate"; Value = "17-Jul-2002"; VariantName = "[No Variations]"
Change component parameters (AddParameter): Name = "LatestRevisionNote"; Value = "Re-released for DXP Platform."; VariantName = "[No Variations]"
Change component parameters (AddParameter): Name = "Publisher"; Value = "Altium Limited"; VariantName = "[No Variations]"
Change component parameters: Designator = "P2"; Footprint = "3.81-2P"; UniqueID = "\QEOFPJFV"
Change component parameters. Clean all parameters for all variants
Change component parameters (AddParameter): Name = "LatestRevisionDate"; Value = "17-Jul-2002"; VariantName = "[No Variations]"
Change component parameters (AddParameter): Name = "LatestRevisionNote"; Value = "Re-released for DXP Platform."; VariantName = "[No Variations]"
Change component parameters (AddParameter): Name = "Publisher"; Value = "Altium Limited"; VariantName = "[No Variations]"
Change component parameters: Designator = "P3"; Footprint = "HDR1X9"; UniqueID = "\FHCLRJHG"
Change component parameters. Clean all parameters for all variants
Change component parameters (AddParameter): Name = "LatestRevisionDate"; Value = "17-Jul-2002"; VariantName = "[No Variations]"
Change component parameters (AddParameter): Name = "LatestRevisionNote"; Value = "Re-released for DXP Platform."; VariantName = "[No Variations]"
Change component parameters (AddParameter): Name = "Publisher"; Value = "Altium Limited"; VariantName = "[No Variations]"
Change component parameters: Designator = "P4"; Footprint = "HDR1X4"; UniqueID = "\EQCURXXD"
Change component parameters. Clean all parameters for all variants
Change component parameters (AddParameter): Name = "LatestRevisionDate"; Value = "17-Jul-2002"; VariantName = "[No Variations]"
Change component parameters (AddParameter): Name = "LatestRevisionNote"; Value = "Re-released for DXP Platform."; VariantName = "[No Variations]"
Change component parameters (AddParameter): Name = "Publisher"; Value = "Altium Limited"; VariantName = "[No Variations]"
Change component parameters: Designator = "L1"; Footprint = "L-10X14"; UniqueID = "\PCHFFXDN"
Change component parameters. Clean all parameters for all variants
Change component parameters (AddParameter): Name = "AtherosDescription"; Value = "IND,SMT,SHIELDING CHOKE,10uH,7.3x7.3"; VariantName = "[No Variations]"
Change component parameters (AddParameter): Name = "ATHEROS KEY"; Value = "078-100LM-000"; VariantName = "[No Variations]"
Change component parameters (AddParameter): Name = "CISPartType"; Value = "Inductor\Ferrite"; VariantName = "[No Variations]"
Change component parameters (AddParameter): Name = "OriginalSymbolOrigin"; Value = "(0,0)"; VariantName = "[No Variations]"
Change component parameters: Designator = "C9"; Footprint = "LC-0603_C"; UniqueID = "\CQFUSNLQ"
Change component parameters. Clean all parameters for all variants
Change component parameters (AddParameter): Name = "厂商"; Value = ""; VariantName = "[No Variations]"
Change component parameters (AddParameter): Name = "名称"; Value = "电容"; VariantName = "[No Variations]"
Change component parameters (AddParameter): Name = "型号"; Value = "1μF"; VariantName = "[No Variations]"
Change component parameters (AddParameter): Name = "封装"; Value = "0805"; VariantName = "[No Variations]"
Change component parameters: Designator = "C11"; Footprint = "LC-0603_C"; UniqueID = "\FFUAMUKP"
Change component parameters. Clean all parameters for all variants
Change component parameters (AddParameter): Name = "厂商"; Value = ""; VariantName = "[No Variations]"
Change component parameters (AddParameter): Name = "名称"; Value = "电容"; VariantName = "[No Variations]"
Change component parameters (AddParameter): Name = "型号"; Value = "1μF"; VariantName = "[No Variations]"
Change component parameters (AddParameter): Name = "封装"; Value = "0805"; VariantName = "[No Variations]"
Change component parameters: Designator = "C12"; Footprint = "LC-0603_C"; UniqueID = "\AGYXAXBC"
Change component parameters. Clean all parameters for all variants
Change component parameters (AddParameter): Name = "厂商"; Value = ""; VariantName = "[No Variations]"
Change component parameters (AddParameter): Name = "名称"; Value = "电容"; VariantName = "[No Variations]"
Change component parameters (AddParameter): Name = "型号"; Value = "1μF"; VariantName = "[No Variations]"
Change component parameters (AddParameter): Name = "封装"; Value = "0805"; VariantName = "[No Variations]"
Change component parameters: Designator = "C13"; Footprint = "LC-0603_C"; UniqueID = "\MQXDQSRB"
Change component parameters. Clean all parameters for all variants
Change component parameters (AddParameter): Name = "厂商"; Value = ""; VariantName = "[No Variations]"
Change component parameters (AddParameter): Name = "名称"; Value = "电容"; VariantName = "[No Variations]"
Change component parameters (AddParameter): Name = "型号"; Value = "1μF"; VariantName = "[No Variations]"
Change component parameters (AddParameter): Name = "封装"; Value = "0805"; VariantName = "[No Variations]"
Change component parameters: Designator = "C14"; Footprint = "LC-0603_C"; UniqueID = "\DKYBFJNN"
Change component parameters. Clean all parameters for all variants
Change component parameters (AddParameter): Name = "厂商"; Value = ""; VariantName = "[No Variations]"
Change component parameters (AddParameter): Name = "名称"; Value = "电容"; VariantName = "[No Variations]"
Change component parameters (AddParameter): Name = "型号"; Value = "1μF"; VariantName = "[No Variations]"
Change component parameters (AddParameter): Name = "封装"; Value = "0805"; VariantName = "[No Variations]"
Change component parameters: Designator = "C15"; Footprint = "LC-0603_C"; UniqueID = "\HXSIREVB"
Change component parameters. Clean all parameters for all variants
Change component parameters (AddParameter): Name = "厂商"; Value = ""; VariantName = "[No Variations]"
Change component parameters (AddParameter): Name = "名称"; Value = "电容"; VariantName = "[No Variations]"
Change component parameters (AddParameter): Name = "型号"; Value = "1μF"; VariantName = "[No Variations]"
Change component parameters (AddParameter): Name = "封装"; Value = "0805"; VariantName = "[No Variations]"
Change component parameters: Designator = "C19"; Footprint = "LC-0603_C"; UniqueID = "\ESFDIXXQ"
Change component parameters. Clean all parameters for all variants
Change component parameters (AddParameter): Name = "厂商"; Value = ""; VariantName = "[No Variations]"
Change component parameters (AddParameter): Name = "名称"; Value = "电容"; VariantName = "[No Variations]"
Change component parameters (AddParameter): Name = "型号"; Value = "1μF"; VariantName = "[No Variations]"
Change component parameters (AddParameter): Name = "封装"; Value = "0805"; VariantName = "[No Variations]"
Change component parameters: Designator = "R1"; Footprint = "R-1W-THT"; UniqueID = "\JROBFTRA"
Change component parameters. Clean all parameters for all variants
Change component parameters (AddParameter): Name = "厂商"; Value = ""; VariantName = "[No Variations]"
Change component parameters (AddParameter): Name = "名称"; Value = "电阻"; VariantName = "[No Variations]"
Change component parameters (AddParameter): Name = "型号"; Value = "1KΩ"; VariantName = "[No Variations]"
Change component parameters (AddParameter): Name = "封装"; Value = ""; VariantName = "[No Variations]"
Change component parameters: Designator = "R2"; Footprint = "LC-0603_R"; UniqueID = "\CRPKVCWE"
Change component parameters. Clean all parameters for all variants
Change component parameters (AddParameter): Name = "厂商"; Value = ""; VariantName = "[No Variations]"
Change component parameters (AddParameter): Name = "名称"; Value = "电阻"; VariantName = "[No Variations]"
Change component parameters (AddParameter): Name = "型号"; Value = "1KΩ"; VariantName = "[No Variations]"
Change component parameters (AddParameter): Name = "封装"; Value = ""; VariantName = "[No Variations]"
Change component parameters: Designator = "R3"; Footprint = "LC-0603_R"; UniqueID = "\IGJYPUTA"
Change component parameters. Clean all parameters for all variants
Change component parameters (AddParameter): Name = "厂商"; Value = ""; VariantName = "[No Variations]"
Change component parameters (AddParameter): Name = "名称"; Value = "电阻"; VariantName = "[No Variations]"
Change component parameters (AddParameter): Name = "型号"; Value = "1KΩ"; VariantName = "[No Variations]"
Change component parameters (AddParameter): Name = "封装"; Value = ""; VariantName = "[No Variations]"
Change component parameters: Designator = "R4"; Footprint = "LC-0603_R"; UniqueID = "\BCXFMXIY"
Change component parameters. Clean all parameters for all variants
Change component parameters (AddParameter): Name = "厂商"; Value = ""; VariantName = "[No Variations]"
Change component parameters (AddParameter): Name = "名称"; Value = "电阻"; VariantName = "[No Variations]"
Change component parameters (AddParameter): Name = "型号"; Value = "1KΩ"; VariantName = "[No Variations]"
Change component parameters (AddParameter): Name = "封装"; Value = ""; VariantName = "[No Variations]"
Change component parameters: Designator = "R5"; Footprint = "LC-0603_R"; UniqueID = "\PTTQPPAE"
Change component parameters. Clean all parameters for all variants
Change component parameters (AddParameter): Name = "厂商"; Value = ""; VariantName = "[No Variations]"
Change component parameters (AddParameter): Name = "名称"; Value = "电阻"; VariantName = "[No Variations]"
Change component parameters (AddParameter): Name = "型号"; Value = "1KΩ"; VariantName = "[No Variations]"
Change component parameters (AddParameter): Name = "封装"; Value = ""; VariantName = "[No Variations]"
Change component parameters: Designator = "R6"; Footprint = "LC-0603_R"; UniqueID = "\GYDSLRJN"
Change component parameters. Clean all parameters for all variants
Change component parameters (AddParameter): Name = "厂商"; Value = ""; VariantName = "[No Variations]"
Change component parameters (AddParameter): Name = "名称"; Value = "电阻"; VariantName = "[No Variations]"
Change component parameters (AddParameter): Name = "型号"; Value = "1KΩ"; VariantName = "[No Variations]"
Change component parameters (AddParameter): Name = "封装"; Value = ""; VariantName = "[No Variations]"
Change component parameters: Designator = "R7"; Footprint = "LC-0603_R"; UniqueID = "\RHMFCIDY"
Change component parameters. Clean all parameters for all variants
Change component parameters (AddParameter): Name = "厂商"; Value = ""; VariantName = "[No Variations]"
Change component parameters (AddParameter): Name = "名称"; Value = "电阻"; VariantName = "[No Variations]"
Change component parameters (AddParameter): Name = "型号"; Value = "1KΩ"; VariantName = "[No Variations]"
Change component parameters (AddParameter): Name = "封装"; Value = ""; VariantName = "[No Variations]"
Change component parameters: Designator = "R8"; Footprint = "LC-0603_R"; UniqueID = "\RIBVXXGH"
Change component parameters. Clean all parameters for all variants
Change component parameters (AddParameter): Name = "厂商"; Value = ""; VariantName = "[No Variations]"
Change component parameters (AddParameter): Name = "名称"; Value = "电阻"; VariantName = "[No Variations]"
Change component parameters (AddParameter): Name = "型号"; Value = "100"; VariantName = "[No Variations]"
Change component parameters (AddParameter): Name = "封装"; Value = ""; VariantName = "[No Variations]"
Change component parameters: Designator = "R9"; Footprint = "LC-0603_R"; UniqueID = "\AIKRQCVD"
Change component parameters. Clean all parameters for all variants
Change component parameters (AddParameter): Name = "厂商"; Value = ""; VariantName = "[No Variations]"
Change component parameters (AddParameter): Name = "名称"; Value = "电阻"; VariantName = "[No Variations]"
Change component parameters (AddParameter): Name = "型号"; Value = "1KΩ"; VariantName = "[No Variations]"
Change component parameters (AddParameter): Name = "封装"; Value = ""; VariantName = "[No Variations]"
Change component parameters: Designator = "R10"; Footprint = "LC-0603_R"; UniqueID = "\HUPCBDLU"
Change component parameters. Clean all parameters for all variants
Change component parameters (AddParameter): Name = "厂商"; Value = ""; VariantName = "[No Variations]"
Change component parameters (AddParameter): Name = "名称"; Value = "电阻"; VariantName = "[No Variations]"
Change component parameters (AddParameter): Name = "型号"; Value = "1KΩ"; VariantName = "[No Variations]"
Change component parameters (AddParameter): Name = "封装"; Value = ""; VariantName = "[No Variations]"
Change component parameters: Designator = "R11"; Footprint = "LC-0805_R"; UniqueID = "\VVKWYEPW"
Change component parameters. Clean all parameters for all variants
Change component parameters (AddParameter): Name = "厂商"; Value = ""; VariantName = "[No Variations]"
Change component parameters (AddParameter): Name = "名称"; Value = "电阻"; VariantName = "[No Variations]"
Change component parameters (AddParameter): Name = "型号"; Value = "1KΩ"; VariantName = "[No Variations]"
Change component parameters (AddParameter): Name = "封装"; Value = ""; VariantName = "[No Variations]"
Change component parameters: Designator = "R12"; Footprint = "LC-0603_R"; UniqueID = "\UFNUFBVY"
Change component parameters. Clean all parameters for all variants
Change component parameters (AddParameter): Name = "厂商"; Value = ""; VariantName = "[No Variations]"
Change component parameters (AddParameter): Name = "名称"; Value = "电阻"; VariantName = "[No Variations]"
Change component parameters (AddParameter): Name = "型号"; Value = "1KΩ"; VariantName = "[No Variations]"
Change component parameters (AddParameter): Name = "封装"; Value = ""; VariantName = "[No Variations]"
Change component parameters: Designator = "R13"; Footprint = "R2512"; UniqueID = "\WJNJSGQX"
Change component parameters. Clean all parameters for all variants
Change component parameters (AddParameter): Name = "厂商"; Value = ""; VariantName = "[No Variations]"
Change component parameters (AddParameter): Name = "名称"; Value = "电阻"; VariantName = "[No Variations]"
Change component parameters (AddParameter): Name = "型号"; Value = "1KΩ"; VariantName = "[No Variations]"
Change component parameters (AddParameter): Name = "封装"; Value = ""; VariantName = "[No Variations]"
Change component parameters: Designator = "R14"; Footprint = "LC-0805_R"; UniqueID = "\EAMANBUB"
Change component parameters. Clean all parameters for all variants
Change component parameters (AddParameter): Name = "厂商"; Value = ""; VariantName = "[No Variations]"
Change component parameters (AddParameter): Name = "名称"; Value = "电阻"; VariantName = "[No Variations]"
Change component parameters (AddParameter): Name = "型号"; Value = "1KΩ"; VariantName = "[No Variations]"
Change component parameters (AddParameter): Name = "封装"; Value = ""; VariantName = "[No Variations]"
Change component parameters: Designator = "R16"; Footprint = "LC-0603_R"; UniqueID = "\FVIAGKDX"
Change component parameters. Clean all parameters for all variants
Change component parameters (AddParameter): Name = "厂商"; Value = ""; VariantName = "[No Variations]"
Change component parameters (AddParameter): Name = "名称"; Value = "电阻"; VariantName = "[No Variations]"
Change component parameters (AddParameter): Name = "型号"; Value = "1KΩ"; VariantName = "[No Variations]"
Change component parameters (AddParameter): Name = "封装"; Value = ""; VariantName = "[No Variations]"
Change component parameters: Designator = "R17"; Footprint = "LC-0805_R"; UniqueID = "\QFYPWJHG"
Change component parameters. Clean all parameters for all variants
Change component parameters (AddParameter): Name = "厂商"; Value = ""; VariantName = "[No Variations]"
Change component parameters (AddParameter): Name = "名称"; Value = "电阻"; VariantName = "[No Variations]"
Change component parameters (AddParameter): Name = "型号"; Value = "1KΩ"; VariantName = "[No Variations]"
Change component parameters (AddParameter): Name = "封装"; Value = ""; VariantName = "[No Variations]"
Change component parameters: Designator = "R18"; Footprint = "LC-0805_R"; UniqueID = "\CBLDUWHE"
Change component parameters. Clean all parameters for all variants
Change component parameters (AddParameter): Name = "厂商"; Value = ""; VariantName = "[No Variations]"
Change component parameters (AddParameter): Name = "名称"; Value = "电阻"; VariantName = "[No Variations]"
Change component parameters (AddParameter): Name = "型号"; Value = "1KΩ"; VariantName = "[No Variations]"
Change component parameters (AddParameter): Name = "封装"; Value = ""; VariantName = "[No Variations]"
Change component parameters: Designator = "R19"; Footprint = "LC-0805_R"; UniqueID = "\XSFCXJMW"
Change component parameters. Clean all parameters for all variants
Change component parameters (AddParameter): Name = "厂商"; Value = ""; VariantName = "[No Variations]"
Change component parameters (AddParameter): Name = "名称"; Value = "电阻"; VariantName = "[No Variations]"
Change component parameters (AddParameter): Name = "型号"; Value = "1KΩ"; VariantName = "[No Variations]"
Change component parameters (AddParameter): Name = "封装"; Value = ""; VariantName = "[No Variations]"
Change component parameters: Designator = "R20"; Footprint = "LC-0805_R"; UniqueID = "\BUKXAAVD"
Change component parameters. Clean all parameters for all variants
Change component parameters (AddParameter): Name = "厂商"; Value = ""; VariantName = "[No Variations]"
Change component parameters (AddParameter): Name = "名称"; Value = "电阻"; VariantName = "[No Variations]"
Change component parameters (AddParameter): Name = "型号"; Value = "1KΩ"; VariantName = "[No Variations]"
Change component parameters (AddParameter): Name = "封装"; Value = ""; VariantName = "[No Variations]"
Change component parameters: Designator = "R21"; Footprint = "LC-0805_R"; UniqueID = "\QKHMQDIF"
Change component parameters. Clean all parameters for all variants
Change component parameters (AddParameter): Name = "厂商"; Value = ""; VariantName = "[No Variations]"
Change component parameters (AddParameter): Name = "名称"; Value = "电阻"; VariantName = "[No Variations]"
Change component parameters (AddParameter): Name = "型号"; Value = "1KΩ"; VariantName = "[No Variations]"
Change component parameters (AddParameter): Name = "封装"; Value = ""; VariantName = "[No Variations]"
Change component parameters: Designator = "R22"; Footprint = "LC-0805_R"; UniqueID = "\HEGGHDSD"
Change component parameters. Clean all parameters for all variants
Change component parameters (AddParameter): Name = "厂商"; Value = ""; VariantName = "[No Variations]"
Change component parameters (AddParameter): Name = "名称"; Value = "电阻"; VariantName = "[No Variations]"
Change component parameters (AddParameter): Name = "型号"; Value = "1KΩ"; VariantName = "[No Variations]"
Change component parameters (AddParameter): Name = "封装"; Value = ""; VariantName = "[No Variations]"
Change component parameters: Designator = "R23"; Footprint = "LC-0603_R"; UniqueID = "\RFWHBNFK"
Change component parameters. Clean all parameters for all variants
Change component parameters (AddParameter): Name = "厂商"; Value = ""; VariantName = "[No Variations]"
Change component parameters (AddParameter): Name = "名称"; Value = "电阻"; VariantName = "[No Variations]"
Change component parameters (AddParameter): Name = "型号"; Value = "1KΩ"; VariantName = "[No Variations]"
Change component parameters (AddParameter): Name = "封装"; Value = ""; VariantName = "[No Variations]"
Change component parameters: Designator = "R24"; Footprint = "LC-0603_R"; UniqueID = "\EPLCFKER"
Change component parameters. Clean all parameters for all variants
Change component parameters (AddParameter): Name = "厂商"; Value = ""; VariantName = "[No Variations]"
Change component parameters (AddParameter): Name = "名称"; Value = "电阻"; VariantName = "[No Variations]"
Change component parameters (AddParameter): Name = "型号"; Value = "1KΩ"; VariantName = "[No Variations]"
Change component parameters (AddParameter): Name = "封装"; Value = ""; VariantName = "[No Variations]"
Change component parameters: Designator = "R25"; Footprint = "LC-0603_R"; UniqueID = "\GIDVFNFQ"
Change component parameters. Clean all parameters for all variants
Change component parameters (AddParameter): Name = "厂商"; Value = ""; VariantName = "[No Variations]"
Change component parameters (AddParameter): Name = "名称"; Value = "电阻"; VariantName = "[No Variations]"
Change component parameters (AddParameter): Name = "型号"; Value = "1KΩ"; VariantName = "[No Variations]"
Change component parameters (AddParameter): Name = "封装"; Value = ""; VariantName = "[No Variations]"
Change component parameters: Designator = "R26"; Footprint = "LC-0805_R"; UniqueID = "\UVGPFNUD"
Change component parameters. Clean all parameters for all variants
Change component parameters (AddParameter): Name = "厂商"; Value = ""; VariantName = "[No Variations]"
Change component parameters (AddParameter): Name = "名称"; Value = "电阻"; VariantName = "[No Variations]"
Change component parameters (AddParameter): Name = "型号"; Value = "1KΩ"; VariantName = "[No Variations]"
Change component parameters (AddParameter): Name = "封装"; Value = ""; VariantName = "[No Variations]"
Change component parameters: Designator = "R27"; Footprint = "LC-0603_R"; UniqueID = "\DVCQTGGG"
Change component parameters. Clean all parameters for all variants
Change component parameters (AddParameter): Name = "厂商"; Value = ""; VariantName = "[No Variations]"
Change component parameters (AddParameter): Name = "名称"; Value = "电阻"; VariantName = "[No Variations]"
Change component parameters (AddParameter): Name = "型号"; Value = "1KΩ"; VariantName = "[No Variations]"
Change component parameters (AddParameter): Name = "封装"; Value = ""; VariantName = "[No Variations]"
Change component parameters: Designator = "R29"; Footprint = "0603"; UniqueID = "\JWFEPDNO"
Change component parameters. Clean all parameters for all variants
Change component parameters (AddParameter): Name = "厂商"; Value = ""; VariantName = "[No Variations]"
Change component parameters (AddParameter): Name = "名称"; Value = "电阻"; VariantName = "[No Variations]"
Change component parameters (AddParameter): Name = "型号"; Value = "1KΩ"; VariantName = "[No Variations]"
Change component parameters (AddParameter): Name = "封装"; Value = ""; VariantName = "[No Variations]"
Change component parameters: Designator = "R30"; Footprint = "0603"; UniqueID = "\PQJMWKMJ"
Change component parameters. Clean all parameters for all variants
Change component parameters (AddParameter): Name = "厂商"; Value = ""; VariantName = "[No Variations]"
Change component parameters (AddParameter): Name = "名称"; Value = "电阻"; VariantName = "[No Variations]"
Change component parameters (AddParameter): Name = "型号"; Value = "1KΩ"; VariantName = "[No Variations]"
Change component parameters (AddParameter): Name = "封装"; Value = ""; VariantName = "[No Variations]"
Change component parameters: Designator = "R31"; Footprint = "LC-0603_R"; UniqueID = "\QTXMRUKN"
Change component parameters. Clean all parameters for all variants
Change component parameters (AddParameter): Name = "厂商"; Value = ""; VariantName = "[No Variations]"
Change component parameters (AddParameter): Name = "名称"; Value = "电阻"; VariantName = "[No Variations]"
Change component parameters (AddParameter): Name = "型号"; Value = "1KΩ"; VariantName = "[No Variations]"
Change component parameters (AddParameter): Name = "封装"; Value = ""; VariantName = "[No Variations]"
Change component parameters: Designator = "R32"; Footprint = "LC-0603_R"; UniqueID = "\SXKGWTKY"
Change component parameters. Clean all parameters for all variants
Change component parameters (AddParameter): Name = "厂商"; Value = ""; VariantName = "[No Variations]"
Change component parameters (AddParameter): Name = "名称"; Value = "电阻"; VariantName = "[No Variations]"
Change component parameters (AddParameter): Name = "型号"; Value = "1KΩ"; VariantName = "[No Variations]"
Change component parameters (AddParameter): Name = "封装"; Value = ""; VariantName = "[No Variations]"
Change component parameters: Designator = "R33"; Footprint = "LC-0805_R"; UniqueID = "\KAIYLXJX"
Change component parameters. Clean all parameters for all variants
Change component parameters (AddParameter): Name = "厂商"; Value = ""; VariantName = "[No Variations]"
Change component parameters (AddParameter): Name = "名称"; Value = "电阻"; VariantName = "[No Variations]"
Change component parameters (AddParameter): Name = "型号"; Value = "1KΩ"; VariantName = "[No Variations]"
Change component parameters (AddParameter): Name = "封装"; Value = ""; VariantName = "[No Variations]"
Change component parameters: Designator = "R34"; Footprint = "LC-0603_R"; UniqueID = "\GQVRUHIH"
Change component parameters. Clean all parameters for all variants
Change component parameters (AddParameter): Name = "厂商"; Value = ""; VariantName = "[No Variations]"
Change component parameters (AddParameter): Name = "名称"; Value = "电阻"; VariantName = "[No Variations]"
Change component parameters (AddParameter): Name = "型号"; Value = "1KΩ"; VariantName = "[No Variations]"
Change component parameters (AddParameter): Name = "封装"; Value = ""; VariantName = "[No Variations]"
Change component parameters: Designator = "R35"; Footprint = "0603"; UniqueID = "\NOPFFWJX"
Change component parameters. Clean all parameters for all variants
Change component parameters (AddParameter): Name = "厂商"; Value = ""; VariantName = "[No Variations]"
Change component parameters (AddParameter): Name = "名称"; Value = "电阻"; VariantName = "[No Variations]"
Change component parameters (AddParameter): Name = "型号"; Value = "1KΩ"; VariantName = "[No Variations]"
Change component parameters (AddParameter): Name = "封装"; Value = ""; VariantName = "[No Variations]"
Change component parameters: Designator = "R37"; Footprint = "LC-0603_R"; UniqueID = "\LPJCGRWC"
Change component parameters. Clean all parameters for all variants
Change component parameters (AddParameter): Name = "ComponentLink1Description"; Value = "供应商链接"; VariantName = "[No Variations]"
Change component parameters (AddParameter): Name = "ComponentLink1URL"; Value = "http://www.szlcsc.com/product/details_18471.html"; VariantName = "[No Variations]"
Change component parameters (AddParameter): Name = "Package"; Value = "0402"; VariantName = "[No Variations]"
Change component parameters (AddParameter): Name = "Supplier"; Value = "LC"; VariantName = "[No Variations]"
Change component parameters (AddParameter): Name = "SuppliersPartNumber"; Value = "C17783"; VariantName = "[No Variations]"
Change component parameters: Designator = "F1"; Footprint = "AFUSE"; UniqueID = "\SOHXNFNN"
Change component parameters. Clean all parameters for all variants
Change component parameters (AddParameter): Name = "LatestRevisionDate"; Value = "17-Jul-2002"; VariantName = "[No Variations]"
Change component parameters (AddParameter): Name = "LatestRevisionNote"; Value = "Re-released for DXP Platform."; VariantName = "[No Variations]"
Change component parameters (AddParameter): Name = "PackageReference"; Value = "PIN-W2/E2.8"; VariantName = "[No Variations]"
Change component parameters (AddParameter): Name = "Published"; Value = "8-Jun-2000"; VariantName = "[No Variations]"
Change component parameters (AddParameter): Name = "Publisher"; Value = "Altium Limited"; VariantName = "[No Variations]"
Change component parameters: Designator = "F2"; Footprint = "AFUSE"; UniqueID = "\VPQSIGJH"
Change component parameters. Clean all parameters for all variants
Change component parameters (AddParameter): Name = "LatestRevisionDate"; Value = "17-Jul-2002"; VariantName = "[No Variations]"
Change component parameters (AddParameter): Name = "LatestRevisionNote"; Value = "Re-released for DXP Platform."; VariantName = "[No Variations]"
Change component parameters (AddParameter): Name = "PackageReference"; Value = "PIN-W2/E2.8"; VariantName = "[No Variations]"
Change component parameters (AddParameter): Name = "Published"; Value = "8-Jun-2000"; VariantName = "[No Variations]"
Change component parameters (AddParameter): Name = "Publisher"; Value = "Altium Limited"; VariantName = "[No Variations]"
Change component parameters: Designator = "K1"; Footprint = "SJ-S-105LMH"; UniqueID = "\WROYDDGF"
Change component parameters. Clean all parameters for all variants
Change component parameters (AddParameter): Name = "LatestRevisionDate"; Value = "17-Jul-2002"; VariantName = "[No Variations]"
Change component parameters (AddParameter): Name = "LatestRevisionNote"; Value = "Re-released for DXP Platform."; VariantName = "[No Variations]"
Change component parameters (AddParameter): Name = "PackageReference"; Value = "MODULE5B"; VariantName = "[No Variations]"
Change component parameters (AddParameter): Name = "Published"; Value = "24-Mar-1999"; VariantName = "[No Variations]"
Change component parameters (AddParameter): Name = "Publisher"; Value = "Altium Limited"; VariantName = "[No Variations]"
Change component parameters: Designator = "key1"; Footprint = "KEY-2"; UniqueID = "\UEUPWHEM"
Change component parameters. Clean all parameters for all variants
Change component parameters (AddParameter): Name = "LatestRevisionDate"; Value = "17-Jul-2002"; VariantName = "[No Variations]"
Change component parameters (AddParameter): Name = "LatestRevisionNote"; Value = "Re-released for DXP Platform."; VariantName = "[No Variations]"
Change component parameters (AddParameter): Name = "PackageReference"; Value = "SPST-2"; VariantName = "[No Variations]"
Change component parameters (AddParameter): Name = "Published"; Value = "24-Mar-1999"; VariantName = "[No Variations]"
Change component parameters (AddParameter): Name = "Publisher"; Value = "Altium Limited"; VariantName = "[No Variations]"
Change component parameters: Designator = "LS1"; Footprint = "BUZZER"; UniqueID = "\WSDSSQMC"
Change component parameters. Clean all parameters for all variants
Change component parameters (AddParameter): Name = "LatestRevisionDate"; Value = "17-Jul-2002"; VariantName = "[No Variations]"
Change component parameters (AddParameter): Name = "LatestRevisionNote"; Value = "Re-released for DXP Platform."; VariantName = "[No Variations]"
Change component parameters (AddParameter): Name = "PackageReference"; Value = "PIN2"; VariantName = "[No Variations]"
Change component parameters (AddParameter): Name = "Published"; Value = "24-Mar-1999"; VariantName = "[No Variations]"
Change component parameters (AddParameter): Name = "Publisher"; Value = "Altium Limited"; VariantName = "[No Variations]"
Change component parameters: Designator = "Y2"; Footprint = "0SC_3225"; UniqueID = "\BUPGYDIG"
Change component parameters. Clean all parameters for all variants
Change component parameters (AddParameter): Name = "LatestRevisionDate"; Value = "17-Jul-2002"; VariantName = "[No Variations]"
Change component parameters (AddParameter): Name = "LatestRevisionNote"; Value = "Re-released for DXP Platform."; VariantName = "[No Variations]"
Change component parameters (AddParameter): Name = "PackageReference"; Value = "R38"; VariantName = "[No Variations]"
Change component parameters (AddParameter): Name = "Published"; Value = "8-Jun-2000"; VariantName = "[No Variations]"
Change component parameters (AddParameter): Name = "Publisher"; Value = "Altium Limited"; VariantName = "[No Variations]"
Change component parameters: Designator = "Q1"; Footprint = "SOT-23"; UniqueID = "\GSBKBIIW"
Change component parameters. Clean all parameters for all variants
Change component parameters (AddParameter): Name = "Code_JEDEC"; Value = "TO-226-AA"; VariantName = "[No Variations]"
Change component parameters (AddParameter): Name = "LatestRevisionDate"; Value = "17-Jul-2002"; VariantName = "[No Variations]"
Change component parameters (AddParameter): Name = "LatestRevisionNote"; Value = "Re-released for DXP Platform."; VariantName = "[No Variations]"
Change component parameters (AddParameter): Name = "PackageReference"; Value = "TO-226"; VariantName = "[No Variations]"
Change component parameters (AddParameter): Name = "Published"; Value = "8-Jun-2000"; VariantName = "[No Variations]"
Change component parameters (AddParameter): Name = "Publisher"; Value = "Altium Limited"; VariantName = "[No Variations]"
Change component parameters: Designator = "Q2"; Footprint = "SOT-23"; UniqueID = "\DOXMRCPB"
Change component parameters. Clean all parameters for all variants
Change component parameters (AddParameter): Name = "Code_JEDEC"; Value = "TO-226-AA"; VariantName = "[No Variations]"
Change component parameters (AddParameter): Name = "LatestRevisionDate"; Value = "17-Jul-2002"; VariantName = "[No Variations]"
Change component parameters (AddParameter): Name = "LatestRevisionNote"; Value = "Re-released for DXP Platform."; VariantName = "[No Variations]"
Change component parameters (AddParameter): Name = "PackageReference"; Value = "TO-226"; VariantName = "[No Variations]"
Change component parameters (AddParameter): Name = "Published"; Value = "8-Jun-2000"; VariantName = "[No Variations]"
Change component parameters (AddParameter): Name = "Publisher"; Value = "Altium Limited"; VariantName = "[No Variations]"
Change component parameters: Designator = "C4"; Footprint = "CAP-ELECT-TH-6.3X7"; UniqueID = "\UDTAJQPU"
Change component parameters. Clean all parameters for all variants
Change component parameters (AddParameter): Name = "LatestRevisionDate"; Value = "17-Jul-2002"; VariantName = "[No Variations]"
Change component parameters (AddParameter): Name = "LatestRevisionNote"; Value = "Re-released for DXP Platform."; VariantName = "[No Variations]"
Change component parameters (AddParameter): Name = "PackageReference"; Value = "RB7.6-15"; VariantName = "[No Variations]"
Change component parameters (AddParameter): Name = "Published"; Value = "8-Jun-2000"; VariantName = "[No Variations]"
Change component parameters (AddParameter): Name = "Publisher"; Value = "Altium Limited"; VariantName = "[No Variations]"
Change component parameters (AddParameter): Name = "Value"; Value = "2.2μF/400V"; VariantName = "[No Variations]"
Change component parameters: Designator = "C16"; Footprint = "CAP-ELECT-TH-6.3X7"; UniqueID = "\YCMKFJPX"
Change component parameters. Clean all parameters for all variants
Change component parameters (AddParameter): Name = "LatestRevisionDate"; Value = "17-Jul-2002"; VariantName = "[No Variations]"
Change component parameters (AddParameter): Name = "LatestRevisionNote"; Value = "Re-released for DXP Platform."; VariantName = "[No Variations]"
Change component parameters (AddParameter): Name = "PackageReference"; Value = "RB7.6-15"; VariantName = "[No Variations]"
Change component parameters (AddParameter): Name = "Published"; Value = "8-Jun-2000"; VariantName = "[No Variations]"
Change component parameters (AddParameter): Name = "Publisher"; Value = "Altium Limited"; VariantName = "[No Variations]"
Change component parameters (AddParameter): Name = "Value"; Value = "2.2μF/400V"; VariantName = "[No Variations]"
Change component parameters: Designator = "R15"; Footprint = "0603"; UniqueID = "\MNPUSUHS"
Change component parameters. Clean all parameters for all variants
Change component parameters (AddParameter): Name = "LatestRevisionDate"; Value = "17-Jul-2002"; VariantName = "[No Variations]"
Change component parameters (AddParameter): Name = "LatestRevisionNote"; Value = "Re-released for DXP Platform."; VariantName = "[No Variations]"
Change component parameters (AddParameter): Name = "PackageReference"; Value = "AXIAL-0.4"; VariantName = "[No Variations]"
Change component parameters (AddParameter): Name = "Published"; Value = "8-Jun-2000"; VariantName = "[No Variations]"
Change component parameters (AddParameter): Name = "Publisher"; Value = "Altium Limited"; VariantName = "[No Variations]"
Change component parameters (AddParameter): Name = "Value"; Value = "4.7K"; VariantName = "[No Variations]"
Change component parameters: Designator = "R36"; Footprint = "0603"; UniqueID = "\NVTPJSLK"
Change component parameters. Clean all parameters for all variants
Change component parameters (AddParameter): Name = "LatestRevisionDate"; Value = "17-Jul-2002"; VariantName = "[No Variations]"
Change component parameters (AddParameter): Name = "LatestRevisionNote"; Value = "Re-released for DXP Platform."; VariantName = "[No Variations]"
Change component parameters (AddParameter): Name = "PackageReference"; Value = "0805"; VariantName = "[No Variations]"
Change component parameters (AddParameter): Name = "Published"; Value = "8-Jun-2000"; VariantName = "[No Variations]"
Change component parameters (AddParameter): Name = "Publisher"; Value = "Altium Limited"; VariantName = "[No Variations]"
Change component parameters (AddParameter): Name = "Value"; Value = ""; VariantName = "[No Variations]"
Change component parameters: Designator = "Y1"; Footprint = "49/U_N"; UniqueID = "\QFJKHVHH"
Change component parameters. Clean all parameters for all variants
Change component parameters (AddParameter): Name = "LatestRevisionDate"; Value = "17-Jul-2002"; VariantName = "[No Variations]"
Change component parameters (AddParameter): Name = "LatestRevisionNote"; Value = "Re-released for DXP Platform."; VariantName = "[No Variations]"
Change component parameters (AddParameter): Name = "PackageReference"; Value = "R38"; VariantName = "[No Variations]"
Change component parameters (AddParameter): Name = "Published"; Value = "8-Jun-2000"; VariantName = "[No Variations]"
Change component parameters (AddParameter): Name = "Publisher"; Value = "Altium Limited"; VariantName = "[No Variations]"
Change component parameters (AddParameter): Name = "Value"; Value = "25MHz ±20ppm 20pF"; VariantName = "[No Variations]"
Change component parameters: Designator = "D5"; Footprint = "1206D"; UniqueID = "\NCHSFUHO"
Change component parameters. Clean all parameters for all variants
Change component parameters (AddParameter): Name = "Code_JEDEC"; Value = "DO-214-AB"; VariantName = "[No Variations]"
Change component parameters (AddParameter): Name = "LatestRevisionDate"; Value = "17-Jul-2002"; VariantName = "[No Variations]"
Change component parameters (AddParameter): Name = "LatestRevisionNote"; Value = "Re-released for DXP Platform."; VariantName = "[No Variations]"
Change component parameters (AddParameter): Name = "PackageDocument"; Value = "Sep-1996"; VariantName = "[No Variations]"
Change component parameters (AddParameter): Name = "PackageReference"; Value = "SMC"; VariantName = "[No Variations]"
Change component parameters (AddParameter): Name = "Published"; Value = "8-Jun-2000"; VariantName = "[No Variations]"
Change component parameters (AddParameter): Name = "Publisher"; Value = "Altium Limited"; VariantName = "[No Variations]"
Change component parameters: Designator = "D6"; Footprint = "1206D"; UniqueID = "\JSBILMQW"
Change component parameters. Clean all parameters for all variants
Change component parameters (AddParameter): Name = "Code_JEDEC"; Value = "DO-214-AB"; VariantName = "[No Variations]"
Change component parameters (AddParameter): Name = "LatestRevisionDate"; Value = "17-Jul-2002"; VariantName = "[No Variations]"
Change component parameters (AddParameter): Name = "LatestRevisionNote"; Value = "Re-released for DXP Platform."; VariantName = "[No Variations]"
Change component parameters (AddParameter): Name = "PackageDocument"; Value = "Sep-1996"; VariantName = "[No Variations]"
Change component parameters (AddParameter): Name = "PackageReference"; Value = "SMC"; VariantName = "[No Variations]"
Change component parameters (AddParameter): Name = "Published"; Value = "8-Jun-2000"; VariantName = "[No Variations]"
Change component parameters (AddParameter): Name = "Publisher"; Value = "Altium Limited"; VariantName = "[No Variations]"
Change component parameters: Designator = "R28"; Footprint = "AXIAL-0.3"; UniqueID = "\YVSKJQPI"
Change component parameters. Clean all parameters for all variants
Change component parameters (AddParameter): Name = "LatestRevisionDate"; Value = "17-Jul-2002"; VariantName = "[No Variations]"
Change component parameters (AddParameter): Name = "LatestRevisionNote"; Value = "Re-released for DXP Platform."; VariantName = "[No Variations]"
Change component parameters (AddParameter): Name = "PackageReference"; Value = "AXIAL-0.6"; VariantName = "[No Variations]"
Change component parameters (AddParameter): Name = "Published"; Value = "8-Jun-2000"; VariantName = "[No Variations]"
Change component parameters (AddParameter): Name = "Publisher"; Value = "Altium Limited"; VariantName = "[No Variations]"
Change component parameters (AddParameter): Name = "Set Position"; Value = "0.5"; VariantName = "[No Variations]"
Change component parameters (AddParameter): Name = "Value"; Value = "MF52-10K"; VariantName = "[No Variations]"
Change component parameters: Designator = "D1"; Footprint = "LC-SMA(DO-214AC)_S1"; UniqueID = "\QYBDYPTM"
Change component parameters. Clean all parameters for all variants
Change component parameters (AddParameter): Name = "ComponentLink1Description"; Value = "Manufacturer Link"; VariantName = "[No Variations]"
Change component parameters (AddParameter): Name = "ComponentLink1URL"; Value = "http://www.irf.com/"; VariantName = "[No Variations]"
Change component parameters (AddParameter): Name = "DatasheetDocument"; Value = "Aug-1984"; VariantName = "[No Variations]"
Change component parameters (AddParameter): Name = "LatestRevisionDate"; Value = "17-Jul-2002"; VariantName = "[No Variations]"
Change component parameters (AddParameter): Name = "LatestRevisionNote"; Value = "Re-released for DXP Platform."; VariantName = "[No Variations]"
Change component parameters (AddParameter): Name = "PackageReference"; Value = "DO-201AD"; VariantName = "[No Variations]"
Change component parameters (AddParameter): Name = "Published"; Value = "8-Jun-2000"; VariantName = "[No Variations]"
Change component parameters (AddParameter): Name = "Publisher"; Value = "Altium Limited"; VariantName = "[No Variations]"
Change component parameters: Designator = "D2"; Footprint = "LC-SMA(DO-214AC)_S1"; UniqueID = "\UOXACUUD"
Change component parameters. Clean all parameters for all variants
Change component parameters (AddParameter): Name = "ComponentLink1Description"; Value = "Manufacturer Link"; VariantName = "[No Variations]"
Change component parameters (AddParameter): Name = "ComponentLink1URL"; Value = "http://www.irf.com/"; VariantName = "[No Variations]"
Change component parameters (AddParameter): Name = "DatasheetDocument"; Value = "Aug-1984"; VariantName = "[No Variations]"
Change component parameters (AddParameter): Name = "LatestRevisionDate"; Value = "17-Jul-2002"; VariantName = "[No Variations]"
Change component parameters (AddParameter): Name = "LatestRevisionNote"; Value = "Re-released for DXP Platform."; VariantName = "[No Variations]"
Change component parameters (AddParameter): Name = "PackageReference"; Value = "DO-201AD"; VariantName = "[No Variations]"
Change component parameters (AddParameter): Name = "Published"; Value = "8-Jun-2000"; VariantName = "[No Variations]"
Change component parameters (AddParameter): Name = "Publisher"; Value = "Altium Limited"; VariantName = "[No Variations]"
Change component parameters: Designator = "D3"; Footprint = "LC-SMA(DO-214AC)_S1"; UniqueID = "\AQLHDJPA"
Change component parameters. Clean all parameters for all variants
Change component parameters (AddParameter): Name = "ComponentLink1Description"; Value = "Manufacturer Link"; VariantName = "[No Variations]"
Change component parameters (AddParameter): Name = "ComponentLink1URL"; Value = "http://www.irf.com/"; VariantName = "[No Variations]"
Change component parameters (AddParameter): Name = "DatasheetDocument"; Value = "Aug-1984"; VariantName = "[No Variations]"
Change component parameters (AddParameter): Name = "LatestRevisionDate"; Value = "17-Jul-2002"; VariantName = "[No Variations]"
Change component parameters (AddParameter): Name = "LatestRevisionNote"; Value = "Re-released for DXP Platform."; VariantName = "[No Variations]"
Change component parameters (AddParameter): Name = "PackageReference"; Value = "DO-201AD"; VariantName = "[No Variations]"
Change component parameters (AddParameter): Name = "Published"; Value = "8-Jun-2000"; VariantName = "[No Variations]"
Change component parameters (AddParameter): Name = "Publisher"; Value = "Altium Limited"; VariantName = "[No Variations]"
Change component parameters: Designator = "D4"; Footprint = "LC-0603_LED_S1"; UniqueID = "\IFMOHWEY"
Change component parameters. Clean all parameters for all variants
Change component parameters (AddParameter): Name = "ComponentLink1Description"; Value = ""; VariantName = "[No Variations]"
Change component parameters (AddParameter): Name = "ComponentLink1URL"; Value = ""; VariantName = "[No Variations]"
Change component parameters (AddParameter): Name = "RoHS"; Value = ""; VariantName = "[No Variations]"
Change component parameters (AddParameter): Name = "Value"; Value = "红色"; VariantName = "[No Variations]"
Change component parameters (AddParameter): Name = "名称"; Value = ""; VariantName = "[No Variations]"
Change component parameters (AddParameter): Name = "器件"; Value = ""; VariantName = "[No Variations]"
Change component parameters (AddParameter): Name = "封装"; Value = ""; VariantName = "[No Variations]"
Change component parameters (AddParameter): Name = "物料"; Value = ""; VariantName = "[No Variations]"
Change component parameters (AddParameter): Name = "规格"; Value = ""; VariantName = "[No Variations]"
Change component parameters (AddParameter): Name = "设备"; Value = ""; VariantName = "[No Variations]"
Change component parameters (AddParameter): Name = "贴?"; Value = ""; VariantName = "[No Variations]"
Change component parameters: Designator = "U2"; Footprint = "LC-LQFP-48_7x7x05P"; UniqueID = "\BETAHWEE"
Change component parameters. Clean all parameters for all variants
Change component parameters (AddParameter): Name = "ComponentLink1Description"; Value = "Manufacturer Link"; VariantName = "[No Variations]"
Change component parameters (AddParameter): Name = "ComponentLink1URL"; Value = "www.st.com/stm32"; VariantName = "[No Variations]"
Change component parameters (AddParameter): Name = "ComponentLink2Description"; Value = "Datasheet"; VariantName = "[No Variations]"
Change component parameters (AddParameter): Name = "ComponentLink2URL"; Value = "http://www.st.com/stonline/products/literature/ds/13587.pdf"; VariantName = "[No Variations]"
Change component parameters (AddParameter): Name = "DatasheetVersion"; Value = "rev6, Mar-2008"; VariantName = "[No Variations]"
Change component parameters (AddParameter): Name = "PackageDescription"; Value = "48-Pin Low-Profile Quad Flat Pack, 7 x 7 mm Body, 0.5 mm Pitch (LQFP48)"; VariantName = "[No Variations]"
Change component parameters (AddParameter): Name = "PackageReference"; Value = "LQFP48"; VariantName = "[No Variations]"
Change component parameters (AddParameter): Name = "PackageVersion"; Value = "Mar-2008"; VariantName = "[No Variations]"
Change component parameters (AddParameter): Name = "Published"; Value = "30-May-2008"; VariantName = "[No Variations]"
Change component parameters (AddParameter): Name = "Publisher"; Value = "Altium Limited"; VariantName = "[No Variations]"
Change component parameters (AddParameter): Name = "厂商"; Value = "ST"; VariantName = "[No Variations]"
Change component parameters (AddParameter): Name = "名称"; Value = "IC"; VariantName = "[No Variations]"
Change component parameters (AddParameter): Name = "型号"; Value = "STM32F103CBT6"; VariantName = "[No Variations]"
Change component parameters (AddParameter): Name = "封装"; Value = "LQFP48"; VariantName = "[No Variations]"
Added Pin To Net: NetName=A+5V Pin=C5-2
Added Pin To Net: NetName=A+5V Pin=D1-1
Added Pin To Net: NetName=NetK1_3 Pin=K1-3
Added Pin To Net: NetName=AC220V-L Pin=K1-4
Added Pin To Net: NetName=MCUGND Pin=key1-1
Added Room: Name=STM32_HLW8032_ESP8266
